2017-07-05 19:36:55 [pool-1-thread-1]-[INFO] client send message:run_sync_command
2017-07-05 19:36:55 [pool-2-thread-1]-[INFO] thread name = pool-2-thread-1, start execute command = cmd /C ipconfig
2017-07-05 19:36:55 [pool-2-thread-1]-[INFO] thread name = pool-2-thread-1, finish execute command = cmd /C ipconfig
2017-07-05 19:37:58 [pool-1-thread-2]-[INFO] client send message:run_sync_command
2017-07-05 19:37:58 [pool-2-thread-2]-[INFO] thread name = pool-2-thread-2, start execute command = cmd /C ipconfig
2017-07-05 19:37:58 [pool-2-thread-2]-[INFO] thread name = pool-2-thread-2, finish execute command = cmd /C ipconfig
2017-07-05 19:39:11 [pool-1-thread-3]-[INFO] client send message:run_sync_command
2017-07-05 19:39:11 [pool-2-thread-3]-[INFO] thread name = pool-2-thread-3, start execute command = cmd /C ipconfig
2017-07-05 19:39:11 [pool-2-thread-3]-[INFO] thread name = pool-2-thread-3, finish execute command = cmd /C ipconfig
2017-07-06 18:53:35 [pool-1-thread-1]-[INFO] client send message:run_sync_command
2017-07-06 18:53:35 [pool-2-thread-1]-[INFO] thread name = pool-2-thread-1, start execute command = cmd /C ipconfig
2017-07-06 18:53:36 [pool-2-thread-1]-[INFO] thread name = pool-2-thread-1, finish execute command = cmd /C ipconfig
2017-07-06 18:55:47 [main]-[ERROR] init SocketClient has error
java.net.ConnectException: Connection refused: connect
	at java.net.DualStackPlainSocketImpl.connect0(Native Method)
	at java.net.DualStackPlainSocketImpl.socketConnect(DualStackPlainSocketImpl.java:79)
	at java.net.AbstractPlainSocketImpl.doConnect(AbstractPlainSocketImpl.java:350)
	at java.net.AbstractPlainSocketImpl.connectToAddress(AbstractPlainSocketImpl.java:206)
	at java.net.AbstractPlainSocketImpl.connect(AbstractPlainSocketImpl.java:188)
	at java.net.PlainSocketImpl.connect(PlainSocketImpl.java:172)
	at java.net.SocksSocketImpl.connect(SocksSocketImpl.java:392)
	at java.net.Socket.connect(Socket.java:589)
	at java.net.Socket.connect(Socket.java:538)
	at java.net.Socket.<init>(Socket.java:434)
	at java.net.Socket.<init>(Socket.java:244)
	at com.ckjava.io.command.SocketClient.<init>(SocketClient.java:32)
	at test.com.ckjava.io.command.TestClient.testRunCommand(TestClient.java:327)
	at sun.reflect.NativeMethodAccessorImpl.invoke0(Native Method)
	at sun.reflect.NativeMethodAccessorImpl.invoke(NativeMethodAccessorImpl.java:62)
	at sun.reflect.DelegatingMethodAccessorImpl.invoke(DelegatingMethodAccessorImpl.java:43)
	at java.lang.reflect.Method.invoke(Method.java:498)
	at org.junit.runners.model.FrameworkMethod$1.runReflectiveCall(FrameworkMethod.java:50)
	at org.junit.internal.runners.model.ReflectiveCallable.run(ReflectiveCallable.java:12)
	at org.junit.runners.model.FrameworkMethod.invokeExplosively(FrameworkMethod.java:47)
	at org.junit.internal.runners.statements.InvokeMethod.evaluate(InvokeMethod.java:17)
	at org.junit.runners.ParentRunner.runLeaf(ParentRunner.java:325)
	at org.junit.runners.BlockJUnit4ClassRunner.runChild(BlockJUnit4ClassRunner.java:78)
	at org.junit.runners.BlockJUnit4ClassRunner.runChild(BlockJUnit4ClassRunner.java:57)
	at org.junit.runners.ParentRunner$3.run(ParentRunner.java:290)
	at org.junit.runners.ParentRunner$1.schedule(ParentRunner.java:71)
	at org.junit.runners.ParentRunner.runChildren(ParentRunner.java:288)
	at org.junit.runners.ParentRunner.access$000(ParentRunner.java:58)
	at org.junit.runners.ParentRunner$2.evaluate(ParentRunner.java:268)
	at org.junit.runners.ParentRunner.run(ParentRunner.java:363)
	at org.eclipse.jdt.internal.junit4.runner.JUnit4TestReference.run(JUnit4TestReference.java:86)
	at org.eclipse.jdt.internal.junit.runner.TestExecution.run(TestExecution.java:38)
	at org.eclipse.jdt.internal.junit.runner.RemoteTestRunner.runTests(RemoteTestRunner.java:459)
	at org.eclipse.jdt.internal.junit.runner.RemoteTestRunner.runTests(RemoteTestRunner.java:675)
	at org.eclipse.jdt.internal.junit.runner.RemoteTestRunner.run(RemoteTestRunner.java:382)
	at org.eclipse.jdt.internal.junit.runner.RemoteTestRunner.main(RemoteTestRunner.java:192)
2017-07-06 18:55:59 [pool-1-thread-1]-[INFO] client send message:run_sync_command
2017-07-06 18:55:59 [pool-1-thread-2]-[INFO] thread name = pool-1-thread-2, start execute command = cmd /C ipconfig
2017-07-06 18:55:59 [pool-1-thread-2]-[INFO] thread name = pool-1-thread-2, finish execute command = cmd /C ipconfig
2017-07-06 18:57:58 [Thread-0]-[INFO] client accept
2017-07-06 18:57:58 [pool-1-thread-1]-[INFO] client send message:run_sync_command
2017-07-06 18:57:58 [pool-1-thread-2]-[INFO] thread name = pool-1-thread-2, start execute command = cmd /C ipconfig
2017-07-06 18:57:58 [pool-1-thread-2]-[INFO] thread name = pool-1-thread-2, finish execute command = cmd /C ipconfig
2017-07-06 19:09:15 [Thread-0]-[INFO] client accept
2017-07-06 19:09:15 [pool-1-thread-1]-[INFO] client send message:run_sync_command
2017-07-06 19:09:15 [pool-1-thread-2]-[INFO] thread name = pool-1-thread-2, start execute command = cmd /C ipconfig
2017-07-06 19:09:15 [pool-1-thread-2]-[INFO] thread name = pool-1-thread-2, finish execute command = cmd /C ipconfig
2017-07-06 19:09:40 [Thread-0]-[INFO] client accept
2017-07-06 19:09:40 [pool-1-thread-3]-[INFO] client send message:run_sync_command
2017-07-06 19:09:40 [pool-1-thread-4]-[INFO] thread name = pool-1-thread-4, start execute command = cmd /C ipconfig
2017-07-06 19:09:40 [pool-1-thread-4]-[INFO] thread name = pool-1-thread-4, finish execute command = cmd /C ipconfig
2017-07-06 19:09:44 [Thread-0]-[INFO] client accept
2017-07-06 19:09:44 [pool-1-thread-2]-[INFO] client send message:run_sync_command
2017-07-06 19:09:44 [pool-1-thread-4]-[INFO] thread name = pool-1-thread-4, start execute command = cmd /C ipconfig
2017-07-06 19:09:44 [pool-1-thread-4]-[INFO] thread name = pool-1-thread-4, finish execute command = cmd /C ipconfig
2017-07-06 19:09:48 [Thread-0]-[INFO] client accept
2017-07-06 19:09:48 [pool-1-thread-4]-[INFO] client send message:run_sync_command
2017-07-06 19:10:13 [Thread-0]-[INFO] client accept
2017-07-06 19:17:15 [Thread-0]-[INFO] client accept
2017-07-06 19:17:15 [pool-1-thread-1]-[INFO] client send message:run_sync_command
2017-07-06 19:17:15 [pool-1-thread-2]-[INFO] thread name = pool-1-thread-2, start execute command = cmd /C ipconfig
2017-07-06 19:17:15 [pool-1-thread-2]-[INFO] thread name = pool-1-thread-2, finish execute command = cmd /C ipconfig
2017-07-06 19:19:31 [Thread-0]-[INFO] client accept
2017-07-06 19:19:31 [pool-1-thread-2]-[INFO] client send message:run_sync_command
2017-07-06 19:20:11 [Thread-0]-[INFO] client accept
2017-07-06 19:20:11 [pool-1-thread-1]-[INFO] client send message:run_sync_command
2017-07-06 19:20:17 [pool-1-thread-2]-[INFO] thread name = pool-1-thread-2, start execute command = cmd /C ipconfig
2017-07-06 19:20:17 [pool-1-thread-2]-[INFO] thread name = pool-1-thread-2, finish execute command = cmd /C ipconfig
2017-07-06 19:22:07 [Thread-0]-[INFO] client accept
2017-07-06 19:22:07 [pool-1-thread-2]-[INFO] client send message:run_sync_command
2017-07-06 19:22:33 [Thread-0]-[INFO] client accept
2017-07-06 19:22:42 [Thread-0]-[INFO] client accept
2017-07-06 19:23:48 [Thread-0]-[INFO] client accept
2017-07-06 19:23:48 [pool-1-thread-1]-[INFO] client send message:run_sync_command
2017-07-06 19:23:48 [pool-1-thread-2]-[INFO] thread name = pool-1-thread-2, start execute command = cmd /C ipconfig
2017-07-06 19:23:48 [pool-1-thread-2]-[INFO] thread name = pool-1-thread-2, finish execute command = cmd /C ipconfig
2017-07-06 19:23:52 [Thread-0]-[INFO] client accept
2017-07-06 19:23:52 [pool-1-thread-3]-[INFO] client send message:run_sync_command
2017-07-06 19:23:52 [pool-1-thread-2]-[INFO] thread name = pool-1-thread-2, start execute command = cmd /C ipconfig
2017-07-06 19:23:52 [pool-1-thread-2]-[INFO] thread name = pool-1-thread-2, finish execute command = cmd /C ipconfig
2017-07-06 19:23:55 [Thread-0]-[INFO] client accept
2017-07-06 19:23:55 [pool-1-thread-2]-[INFO] client send message:run_sync_command
2017-07-06 19:26:38 [Thread-0]-[INFO] client accept
2017-07-06 19:26:38 [pool-1-thread-1]-[INFO] client send message:run_sync_command
2017-07-06 19:26:38 [pool-1-thread-2]-[INFO] thread name = pool-1-thread-2, start execute command = cmd /C ipconfig
2017-07-06 19:26:38 [pool-1-thread-2]-[INFO] thread name = pool-1-thread-2, finish execute command = cmd /C ipconfig
2017-07-06 19:26:39 [pool-1-thread-1]-[INFO] client send message:close
2017-07-06 19:26:39 [pool-1-thread-1]-[INFO] client want server close, server close socket
2017-07-06 19:26:39 [pool-1-thread-1]-[INFO] server finish process
2017-07-06 19:26:41 [Thread-0]-[INFO] client accept
2017-07-06 19:26:41 [pool-1-thread-3]-[INFO] client send message:run_sync_command
2017-07-06 19:26:41 [pool-1-thread-2]-[INFO] thread name = pool-1-thread-2, start execute command = cmd /C ipconfig
2017-07-06 19:26:41 [pool-1-thread-2]-[INFO] thread name = pool-1-thread-2, finish execute command = cmd /C ipconfig
2017-07-06 19:26:41 [pool-1-thread-3]-[INFO] client send message:close
2017-07-06 19:26:41 [pool-1-thread-3]-[INFO] client want server close, server close socket
2017-07-06 19:26:41 [pool-1-thread-3]-[INFO] server finish process
2017-07-06 19:26:43 [Thread-0]-[INFO] client accept
2017-07-06 19:26:44 [pool-1-thread-1]-[INFO] client send message:run_sync_command
2017-07-06 19:26:44 [pool-1-thread-2]-[INFO] thread name = pool-1-thread-2, start execute command = cmd /C ipconfig
2017-07-06 19:26:44 [pool-1-thread-2]-[INFO] thread name = pool-1-thread-2, finish execute command = cmd /C ipconfig
2017-07-06 19:26:44 [pool-1-thread-1]-[INFO] client send message:close
2017-07-06 19:26:44 [pool-1-thread-1]-[INFO] client want server close, server close socket
2017-07-06 19:26:44 [pool-1-thread-1]-[INFO] server finish process
2017-07-06 19:26:46 [Thread-0]-[INFO] client accept
2017-07-06 19:26:46 [pool-1-thread-3]-[INFO] client send message:run_sync_command
2017-07-06 19:26:46 [pool-1-thread-2]-[INFO] thread name = pool-1-thread-2, start execute command = cmd /C ipconfig
2017-07-06 19:26:46 [pool-1-thread-2]-[INFO] thread name = pool-1-thread-2, finish execute command = cmd /C ipconfig
2017-07-06 19:26:46 [pool-1-thread-3]-[INFO] client send message:close
2017-07-06 19:26:46 [pool-1-thread-3]-[INFO] client want server close, server close socket
2017-07-06 19:26:46 [pool-1-thread-3]-[INFO] server finish process
2017-07-06 19:26:48 [Thread-0]-[INFO] client accept
2017-07-06 19:26:48 [pool-1-thread-1]-[INFO] client send message:run_sync_command
2017-07-06 19:26:48 [pool-1-thread-2]-[INFO] thread name = pool-1-thread-2, start execute command = cmd /C ipconfig
2017-07-06 19:26:48 [pool-1-thread-2]-[INFO] thread name = pool-1-thread-2, finish execute command = cmd /C ipconfig
2017-07-06 19:26:49 [pool-1-thread-1]-[INFO] client send message:close
2017-07-06 19:26:49 [pool-1-thread-1]-[INFO] client want server close, server close socket
2017-07-06 19:26:49 [pool-1-thread-1]-[INFO] server finish process
2017-07-06 19:34:06 [Thread-0]-[INFO] client accept
2017-07-06 19:34:06 [pool-1-thread-1]-[INFO] client send message:run_sync_command
2017-07-06 19:34:06 [pool-1-thread-2]-[INFO] thread name = pool-1-thread-2, start execute command = cmd /C ipconfig
2017-07-06 19:34:06 [pool-1-thread-2]-[INFO] thread name = pool-1-thread-2, finish execute command = cmd /C ipconfig
2017-07-06 19:34:06 [pool-1-thread-1]-[INFO] client send message:close
2017-07-06 19:34:06 [pool-1-thread-1]-[INFO] client want server close, server close socket
2017-07-06 19:34:06 [pool-1-thread-1]-[INFO] server finish process
2017-07-06 19:34:08 [Thread-0]-[INFO] client accept
2017-07-06 19:34:08 [pool-1-thread-3]-[INFO] client send message:run_sync_command
2017-07-06 19:34:08 [pool-1-thread-2]-[INFO] thread name = pool-1-thread-2, start execute command = cmd /C ipconfig
2017-07-06 19:34:08 [pool-1-thread-2]-[INFO] thread name = pool-1-thread-2, finish execute command = cmd /C ipconfig
2017-07-06 19:34:08 [pool-1-thread-3]-[INFO] client send message:close
2017-07-06 19:34:08 [pool-1-thread-3]-[INFO] client want server close, server close socket
2017-07-06 19:34:08 [pool-1-thread-3]-[INFO] server finish process
2017-07-06 19:34:10 [Thread-0]-[INFO] client accept
2017-07-06 19:34:10 [pool-1-thread-1]-[INFO] client send message:run_sync_command
2017-07-06 19:34:10 [pool-1-thread-2]-[INFO] thread name = pool-1-thread-2, start execute command = cmd /C ipconfig
2017-07-06 19:34:10 [pool-1-thread-2]-[INFO] thread name = pool-1-thread-2, finish execute command = cmd /C ipconfig
2017-07-06 19:34:11 [pool-1-thread-1]-[INFO] client send message:close
2017-07-06 19:34:11 [pool-1-thread-1]-[INFO] client want server close, server close socket
2017-07-06 19:34:11 [pool-1-thread-1]-[INFO] server finish process
2017-07-06 19:34:13 [Thread-0]-[INFO] client accept
2017-07-06 19:34:13 [pool-1-thread-3]-[INFO] client send message:run_sync_command
2017-07-06 19:34:13 [pool-1-thread-2]-[INFO] thread name = pool-1-thread-2, start execute command = cmd /C ipconfig
2017-07-06 19:34:13 [pool-1-thread-2]-[INFO] thread name = pool-1-thread-2, finish execute command = cmd /C ipconfig
2017-07-06 19:34:13 [pool-1-thread-3]-[INFO] client send message:close
2017-07-06 19:34:13 [pool-1-thread-3]-[INFO] client want server close, server close socket
2017-07-06 19:34:13 [pool-1-thread-3]-[INFO] server finish process
2017-07-06 19:34:15 [Thread-0]-[INFO] client accept
2017-07-06 19:34:15 [pool-1-thread-1]-[INFO] client send message:run_sync_command
2017-07-06 19:34:15 [pool-1-thread-2]-[INFO] thread name = pool-1-thread-2, start execute command = cmd /C ipconfig
2017-07-06 19:34:15 [pool-1-thread-2]-[INFO] thread name = pool-1-thread-2, finish execute command = cmd /C ipconfig
2017-07-06 19:34:15 [pool-1-thread-1]-[INFO] client send message:close
2017-07-06 19:34:15 [pool-1-thread-1]-[INFO] client want server close, server close socket
2017-07-06 19:34:15 [pool-1-thread-1]-[INFO] server finish process
2017-07-06 19:34:17 [Thread-0]-[INFO] client accept
2017-07-06 19:34:17 [pool-1-thread-3]-[INFO] client send message:run_sync_command
2017-07-06 19:34:17 [pool-1-thread-2]-[INFO] thread name = pool-1-thread-2, start execute command = cmd /C ipconfig
2017-07-06 19:34:17 [pool-1-thread-2]-[INFO] thread name = pool-1-thread-2, finish execute command = cmd /C ipconfig
2017-07-06 19:34:17 [pool-1-thread-3]-[INFO] client send message:close
2017-07-06 19:34:17 [pool-1-thread-3]-[INFO] client want server close, server close socket
2017-07-06 19:34:17 [pool-1-thread-3]-[INFO] server finish process
2017-07-06 19:34:19 [Thread-0]-[INFO] client accept
2017-07-06 19:34:19 [pool-1-thread-1]-[INFO] client send message:run_sync_command
2017-07-06 19:34:19 [pool-1-thread-2]-[INFO] thread name = pool-1-thread-2, start execute command = cmd /C ipconfig
2017-07-06 19:34:19 [pool-1-thread-2]-[INFO] thread name = pool-1-thread-2, finish execute command = cmd /C ipconfig
2017-07-06 19:34:20 [pool-1-thread-1]-[INFO] client send message:close
2017-07-06 19:34:20 [pool-1-thread-1]-[INFO] client want server close, server close socket
2017-07-06 19:34:20 [pool-1-thread-1]-[INFO] server finish process
2017-07-07 09:45:36 [Thread-0]-[INFO] client accept
2017-07-07 09:45:36 [pool-1-thread-1]-[INFO] client send message:run_sync_command
2017-07-07 09:45:36 [pool-1-thread-2]-[INFO] thread name = pool-1-thread-2, start execute command = cmd /C ipconfig
2017-07-07 09:45:36 [pool-1-thread-2]-[INFO] thread name = pool-1-thread-2, finish execute command = cmd /C ipconfig
2017-07-07 09:45:40 [pool-1-thread-1]-[INFO] client send message:close
2017-07-07 09:45:40 [pool-1-thread-1]-[INFO] client want server close, server close socket
2017-07-07 09:45:40 [pool-1-thread-1]-[INFO] server finish process
2017-07-07 09:45:49 [Thread-0]-[INFO] client accept
2017-07-07 09:45:49 [pool-1-thread-3]-[INFO] client send message:run_sync_command
2017-07-07 09:45:49 [pool-1-thread-2]-[INFO] thread name = pool-1-thread-2, start execute command = cmd /C ipconfig
2017-07-07 09:45:49 [pool-1-thread-2]-[INFO] thread name = pool-1-thread-2, finish execute command = cmd /C ipconfig
2017-07-07 09:45:49 [pool-1-thread-3]-[INFO] client send message:close
2017-07-07 09:45:49 [pool-1-thread-3]-[INFO] client want server close, server close socket
2017-07-07 09:45:49 [pool-1-thread-3]-[INFO] server finish process
2017-07-07 09:45:51 [Thread-0]-[INFO] client accept
2017-07-07 09:45:51 [pool-1-thread-1]-[INFO] client send message:run_sync_command
2017-07-07 09:45:51 [pool-1-thread-2]-[INFO] thread name = pool-1-thread-2, start execute command = cmd /C ipconfig
2017-07-07 09:45:51 [pool-1-thread-2]-[INFO] thread name = pool-1-thread-2, finish execute command = cmd /C ipconfig
2017-07-07 09:45:52 [pool-1-thread-1]-[INFO] client send message:close
2017-07-07 09:45:52 [pool-1-thread-1]-[INFO] client want server close, server close socket
2017-07-07 09:45:52 [pool-1-thread-1]-[INFO] server finish process
2017-07-07 09:45:54 [Thread-0]-[INFO] client accept
2017-07-07 09:45:54 [pool-1-thread-3]-[INFO] client send message:run_sync_command
2017-07-07 09:45:54 [pool-1-thread-2]-[INFO] thread name = pool-1-thread-2, start execute command = cmd /C ipconfig
2017-07-07 09:45:54 [pool-1-thread-2]-[INFO] thread name = pool-1-thread-2, finish execute command = cmd /C ipconfig
2017-07-07 09:45:54 [pool-1-thread-3]-[INFO] client send message:close
2017-07-07 09:45:54 [pool-1-thread-3]-[INFO] client want server close, server close socket
2017-07-07 09:45:54 [pool-1-thread-3]-[INFO] server finish process
2017-07-07 09:45:57 [Thread-0]-[INFO] client accept
2017-07-07 09:45:57 [pool-1-thread-1]-[INFO] client send message:run_sync_command
2017-07-07 09:45:57 [pool-1-thread-2]-[INFO] thread name = pool-1-thread-2, start execute command = cmd /C ipconfig
2017-07-07 09:45:57 [pool-1-thread-2]-[INFO] thread name = pool-1-thread-2, finish execute command = cmd /C ipconfig
2017-07-07 09:45:57 [pool-1-thread-1]-[INFO] client send message:close
2017-07-07 09:45:57 [pool-1-thread-1]-[INFO] client want server close, server close socket
2017-07-07 09:45:57 [pool-1-thread-1]-[INFO] server finish process
2017-07-07 09:45:59 [Thread-0]-[INFO] client accept
2017-07-07 09:45:59 [pool-1-thread-3]-[INFO] client send message:run_sync_command
2017-07-07 09:45:59 [pool-1-thread-2]-[INFO] thread name = pool-1-thread-2, start execute command = cmd /C ipconfig
2017-07-07 09:45:59 [pool-1-thread-2]-[INFO] thread name = pool-1-thread-2, finish execute command = cmd /C ipconfig
2017-07-07 09:46:00 [pool-1-thread-3]-[INFO] client send message:close
2017-07-07 09:46:00 [pool-1-thread-3]-[INFO] client want server close, server close socket
2017-07-07 09:46:00 [pool-1-thread-3]-[INFO] server finish process
2017-07-07 09:46:02 [Thread-0]-[INFO] client accept
2017-07-07 09:46:02 [pool-1-thread-1]-[INFO] client send message:run_sync_command
2017-07-07 09:46:02 [pool-1-thread-2]-[INFO] thread name = pool-1-thread-2, start execute command = cmd /C ipconfig
2017-07-07 09:46:02 [pool-1-thread-2]-[INFO] thread name = pool-1-thread-2, finish execute command = cmd /C ipconfig
2017-07-07 09:46:02 [pool-1-thread-1]-[INFO] client send message:close
2017-07-07 09:46:02 [pool-1-thread-1]-[INFO] client want server close, server close socket
2017-07-07 09:46:02 [pool-1-thread-1]-[INFO] server finish process
2017-07-07 09:57:28 [Thread-0]-[INFO] client accept
2017-07-07 09:57:28 [Thread-0]-[INFO] client accept
2017-07-07 09:57:28 [pool-2-thread-2]-[INFO] client send message:run_sync_command
2017-07-07 09:57:28 [pool-2-thread-3]-[INFO] thread name = pool-2-thread-3, start execute command = cmd /C ipconfig
2017-07-07 09:57:28 [Thread-0]-[INFO] client accept
2017-07-07 09:57:28 [pool-2-thread-1]-[INFO] client send message:run_sync_command
2017-07-07 09:57:28 [pool-2-thread-3]-[INFO] thread name = pool-2-thread-3, finish execute command = cmd /C ipconfig
2017-07-07 09:57:28 [pool-2-thread-3]-[INFO] client send message:run_sync_command
2017-07-07 09:57:28 [pool-2-thread-2]-[INFO] client send message:close
2017-07-07 09:57:28 [pool-2-thread-2]-[INFO] client want server close, server close socket
2017-07-07 09:57:28 [pool-2-thread-2]-[INFO] server finish process
2017-07-07 09:57:28 [pool-2-thread-2]-[INFO] thread name = pool-2-thread-2, start execute command = cmd /C ipconfig
2017-07-07 09:57:28 [Thread-0]-[INFO] client accept
2017-07-07 09:57:28 [pool-2-thread-2]-[INFO] thread name = pool-2-thread-2, finish execute command = cmd /C ipconfig
2017-07-07 09:57:28 [pool-2-thread-2]-[INFO] thread name = pool-2-thread-2, start execute command = cmd /C ipconfig
2017-07-07 09:57:28 [pool-2-thread-2]-[INFO] thread name = pool-2-thread-2, finish execute command = cmd /C ipconfig
2017-07-07 09:57:28 [pool-2-thread-2]-[INFO] client send message:run_sync_command
2017-07-07 09:57:29 [pool-2-thread-1]-[INFO] client send message:close
2017-07-07 09:57:29 [pool-2-thread-1]-[INFO] client want server close, server close socket
2017-07-07 09:57:29 [pool-2-thread-1]-[INFO] server finish process
2017-07-07 09:57:29 [pool-2-thread-1]-[INFO] thread name = pool-2-thread-1, start execute command = cmd /C ipconfig
2017-07-07 09:57:29 [Thread-0]-[INFO] client accept
2017-07-07 09:57:29 [pool-2-thread-3]-[INFO] client send message:close
2017-07-07 09:57:29 [pool-2-thread-3]-[INFO] client want server close, server close socket
2017-07-07 09:57:29 [pool-2-thread-3]-[INFO] server finish process
2017-07-07 09:57:29 [Thread-0]-[INFO] client accept
2017-07-07 09:57:29 [pool-2-thread-3]-[INFO] client send message:run_sync_command
2017-07-07 09:57:29 [pool-2-thread-1]-[INFO] thread name = pool-2-thread-1, finish execute command = cmd /C ipconfig
2017-07-07 09:57:29 [pool-2-thread-1]-[INFO] client send message:run_sync_command
2017-07-07 09:57:29 [pool-2-thread-2]-[INFO] client send message:close
2017-07-07 09:57:29 [pool-2-thread-2]-[INFO] client want server close, server close socket
2017-07-07 09:57:29 [pool-2-thread-2]-[INFO] server finish process
2017-07-07 09:57:29 [pool-2-thread-2]-[INFO] thread name = pool-2-thread-2, start execute command = cmd /C ipconfig
2017-07-07 09:57:29 [Thread-0]-[INFO] client accept
2017-07-07 09:57:29 [pool-2-thread-2]-[INFO] thread name = pool-2-thread-2, finish execute command = cmd /C ipconfig
2017-07-07 09:57:29 [pool-2-thread-2]-[INFO] thread name = pool-2-thread-2, start execute command = cmd /C ipconfig
2017-07-07 09:57:29 [pool-2-thread-2]-[INFO] thread name = pool-2-thread-2, finish execute command = cmd /C ipconfig
2017-07-07 09:57:29 [pool-2-thread-2]-[INFO] client send message:run_sync_command
2017-07-07 09:57:30 [pool-2-thread-3]-[INFO] client send message:close
2017-07-07 09:57:30 [pool-2-thread-3]-[INFO] client want server close, server close socket
2017-07-07 09:57:30 [pool-2-thread-3]-[INFO] server finish process
2017-07-07 09:57:30 [Thread-0]-[INFO] client accept
2017-07-07 09:57:30 [pool-2-thread-3]-[INFO] thread name = pool-2-thread-3, start execute command = cmd /C ipconfig
2017-07-07 09:57:30 [pool-2-thread-1]-[INFO] client send message:close
2017-07-07 09:57:30 [pool-2-thread-1]-[INFO] client want server close, server close socket
2017-07-07 09:57:30 [pool-2-thread-1]-[INFO] server finish process
2017-07-07 09:57:30 [pool-2-thread-1]-[INFO] client send message:run_sync_command
2017-07-07 09:57:30 [Thread-0]-[INFO] client accept
2017-07-07 09:57:30 [pool-2-thread-3]-[INFO] thread name = pool-2-thread-3, finish execute command = cmd /C ipconfig
2017-07-07 09:57:30 [pool-2-thread-3]-[INFO] thread name = pool-2-thread-3, start execute command = cmd /C ipconfig
2017-07-07 09:57:30 [pool-2-thread-3]-[INFO] thread name = pool-2-thread-3, finish execute command = cmd /C ipconfig
2017-07-07 09:57:30 [pool-2-thread-3]-[INFO] client send message:run_sync_command
2017-07-07 09:57:30 [pool-2-thread-1]-[INFO] client send message:close
2017-07-07 09:57:30 [pool-2-thread-1]-[INFO] client want server close, server close socket
2017-07-07 09:57:30 [pool-2-thread-1]-[INFO] server finish process
2017-07-07 09:57:30 [pool-2-thread-1]-[INFO] thread name = pool-2-thread-1, start execute command = cmd /C ipconfig
2017-07-07 09:57:30 [Thread-0]-[INFO] client accept
2017-07-07 09:57:30 [pool-2-thread-2]-[INFO] client send message:close
2017-07-07 09:57:30 [pool-2-thread-2]-[INFO] client want server close, server close socket
2017-07-07 09:57:30 [pool-2-thread-2]-[INFO] server finish process
2017-07-07 09:57:30 [pool-2-thread-2]-[INFO] client send message:run_sync_command
2017-07-07 09:57:30 [pool-2-thread-1]-[INFO] thread name = pool-2-thread-1, finish execute command = cmd /C ipconfig
2017-07-07 09:57:30 [pool-2-thread-1]-[INFO] thread name = pool-2-thread-1, start execute command = cmd /C ipconfig
2017-07-07 09:57:30 [pool-2-thread-3]-[INFO] client send message:close
2017-07-07 09:57:30 [pool-2-thread-3]-[INFO] client want server close, server close socket
2017-07-07 09:57:30 [pool-2-thread-3]-[INFO] server finish process
2017-07-07 09:57:30 [pool-2-thread-1]-[INFO] thread name = pool-2-thread-1, finish execute command = cmd /C ipconfig
2017-07-07 09:57:31 [pool-2-thread-2]-[INFO] client send message:close
2017-07-07 09:57:31 [pool-2-thread-2]-[INFO] client want server close, server close socket
2017-07-07 09:57:31 [pool-2-thread-2]-[INFO] server finish process
2017-07-07 10:07:02 [Thread-0]-[INFO] client accept
2017-07-07 10:07:02 [Thread-0]-[INFO] client accept
2017-07-07 10:07:02 [Thread-0]-[INFO] client accept
2017-07-07 10:07:02 [pool-2-thread-1]-[INFO] client send message:run_sync_command
2017-07-07 10:07:02 [pool-2-thread-3]-[INFO] client send message:run_sync_command
2017-07-07 10:07:02 [pool-2-thread-2]-[INFO] client send message:run_sync_command
2017-07-07 10:07:25 [Thread-0]-[INFO] client accept
2017-07-07 10:07:25 [Thread-0]-[INFO] client accept
2017-07-07 10:07:25 [Thread-0]-[INFO] client accept
2017-07-07 10:07:25 [pool-2-thread-1]-[INFO] client send message:run_sync_command
2017-07-07 10:07:25 [pool-2-thread-3]-[INFO] client send message:run_sync_command
2017-07-07 10:07:25 [pool-2-thread-2]-[INFO] client send message:run_sync_command
2017-07-07 10:07:34 [Thread-0]-[INFO] client accept
2017-07-07 10:07:34 [Thread-0]-[INFO] client accept
2017-07-07 10:07:34 [Thread-0]-[INFO] client accept
2017-07-07 10:07:34 [pool-2-thread-1]-[INFO] client send message:run_sync_command
2017-07-07 10:07:34 [pool-2-thread-3]-[INFO] client send message:run_sync_command
2017-07-07 10:07:34 [pool-2-thread-2]-[INFO] client send message:run_sync_command
2017-07-07 10:08:32 [Thread-0]-[INFO] client accept
2017-07-07 10:08:32 [Thread-0]-[INFO] client accept
2017-07-07 10:08:32 [Thread-0]-[INFO] client accept
2017-07-07 10:08:32 [pool-2-thread-2]-[INFO] client send message:run_sync_command
2017-07-07 10:08:32 [pool-2-thread-3]-[INFO] client send message:run_sync_command
2017-07-07 10:08:32 [pool-2-thread-1]-[INFO] client send message:run_sync_command
2017-07-07 10:10:55 [Thread-0]-[INFO] client accept
2017-07-07 10:10:55 [Thread-0]-[INFO] client accept
2017-07-07 10:10:55 [Thread-0]-[INFO] client accept
2017-07-07 10:10:55 [pool-2-thread-1]-[INFO] client send message:run_sync_command
2017-07-07 10:10:55 [pool-2-thread-2]-[INFO] client send message:run_sync_command
2017-07-07 10:10:55 [pool-2-thread-3]-[INFO] client send message:run_sync_command
2017-07-07 10:13:16 [Thread-0]-[INFO] client accept
2017-07-07 10:13:16 [Thread-0]-[INFO] client accept
2017-07-07 10:13:16 [pool-2-thread-1]-[INFO] client send message:run_sync_command
2017-07-07 10:13:16 [pool-2-thread-2]-[INFO] client send message:run_sync_command
2017-07-07 10:13:16 [pool-2-thread-3]-[INFO] thread name = pool-2-thread-3, start execute command = cmd /C ipconfig
2017-07-07 10:13:17 [pool-2-thread-3]-[INFO] thread name = pool-2-thread-3, finish execute command = cmd /C ipconfig
2017-07-07 10:13:17 [pool-2-thread-3]-[INFO] thread name = pool-2-thread-3, start execute command = cmd /C ipconfig
2017-07-07 10:13:17 [pool-2-thread-3]-[INFO] thread name = pool-2-thread-3, finish execute command = cmd /C ipconfig
2017-07-07 10:13:17 [pool-2-thread-1]-[INFO] client send message:close
2017-07-07 10:13:17 [pool-2-thread-1]-[INFO] client want server close, server close socket
2017-07-07 10:13:17 [pool-2-thread-1]-[INFO] server finish process
2017-07-07 10:13:17 [Thread-0]-[INFO] client accept
2017-07-07 10:13:17 [pool-2-thread-3]-[INFO] client send message:run_sync_command
2017-07-07 10:13:17 [pool-2-thread-2]-[INFO] client send message:close
2017-07-07 10:13:17 [pool-2-thread-2]-[INFO] client want server close, server close socket
2017-07-07 10:13:17 [pool-2-thread-2]-[INFO] server finish process
2017-07-07 10:13:17 [pool-2-thread-2]-[INFO] thread name = pool-2-thread-2, start execute command = cmd /C ipconfig
2017-07-07 10:13:17 [Thread-0]-[INFO] client accept
2017-07-07 10:13:17 [pool-2-thread-1]-[INFO] client send message:run_sync_command
2017-07-07 10:13:17 [pool-2-thread-2]-[INFO] thread name = pool-2-thread-2, finish execute command = cmd /C ipconfig
2017-07-07 10:13:17 [pool-2-thread-2]-[INFO] thread name = pool-2-thread-2, start execute command = cmd /C ipconfig
2017-07-07 10:13:17 [pool-2-thread-2]-[INFO] thread name = pool-2-thread-2, finish execute command = cmd /C ipconfig
2017-07-07 10:13:17 [pool-2-thread-3]-[INFO] client send message:close
2017-07-07 10:13:17 [pool-2-thread-3]-[INFO] client want server close, server close socket
2017-07-07 10:13:17 [pool-2-thread-3]-[INFO] server finish process
2017-07-07 10:13:17 [Thread-0]-[INFO] client accept
2017-07-07 10:13:17 [pool-2-thread-2]-[INFO] client send message:run_sync_command
2017-07-07 10:13:17 [pool-2-thread-3]-[INFO] thread name = pool-2-thread-3, start execute command = cmd /C ipconfig
2017-07-07 10:13:17 [pool-2-thread-1]-[INFO] client send message:close
2017-07-07 10:13:17 [pool-2-thread-1]-[INFO] client want server close, server close socket
2017-07-07 10:13:17 [Thread-0]-[INFO] client accept
2017-07-07 10:13:17 [pool-2-thread-1]-[INFO] server finish process
2017-07-07 10:13:17 [pool-2-thread-1]-[INFO] client send message:run_sync_command
2017-07-07 10:13:18 [pool-2-thread-3]-[INFO] thread name = pool-2-thread-3, finish execute command = cmd /C ipconfig
2017-07-07 10:13:18 [pool-2-thread-3]-[INFO] thread name = pool-2-thread-3, start execute command = cmd /C ipconfig
2017-07-07 10:13:18 [pool-2-thread-3]-[INFO] thread name = pool-2-thread-3, finish execute command = cmd /C ipconfig
2017-07-07 10:13:18 [pool-2-thread-2]-[INFO] client send message:close
2017-07-07 10:13:18 [Thread-0]-[INFO] client accept
2017-07-07 10:13:18 [pool-2-thread-2]-[INFO] client want server close, server close socket
2017-07-07 10:13:18 [pool-2-thread-3]-[INFO] client send message:run_sync_command
2017-07-07 10:13:18 [pool-2-thread-2]-[INFO] server finish process
2017-07-07 10:13:18 [pool-2-thread-2]-[INFO] thread name = pool-2-thread-2, start execute command = cmd /C ipconfig
2017-07-07 10:13:18 [pool-2-thread-1]-[INFO] client send message:close
2017-07-07 10:13:18 [pool-2-thread-1]-[INFO] client want server close, server close socket
2017-07-07 10:13:18 [pool-2-thread-1]-[INFO] server finish process
2017-07-07 10:13:18 [Thread-0]-[INFO] client accept
2017-07-07 10:13:18 [pool-2-thread-1]-[INFO] client send message:run_sync_command
2017-07-07 10:13:18 [pool-2-thread-2]-[INFO] thread name = pool-2-thread-2, finish execute command = cmd /C ipconfig
2017-07-07 10:13:18 [pool-2-thread-2]-[INFO] thread name = pool-2-thread-2, start execute command = cmd /C ipconfig
2017-07-07 10:13:18 [pool-2-thread-2]-[INFO] thread name = pool-2-thread-2, finish execute command = cmd /C ipconfig
2017-07-07 10:13:18 [pool-2-thread-3]-[INFO] client send message:close
2017-07-07 10:13:18 [pool-2-thread-3]-[INFO] client want server close, server close socket
2017-07-07 10:13:18 [pool-2-thread-3]-[INFO] server finish process
2017-07-07 10:13:18 [Thread-0]-[INFO] client accept
2017-07-07 10:13:18 [pool-2-thread-2]-[INFO] client send message:run_sync_command
2017-07-07 10:13:18 [pool-2-thread-3]-[INFO] thread name = pool-2-thread-3, start execute command = cmd /C ipconfig
2017-07-07 10:13:18 [pool-2-thread-1]-[INFO] client send message:close
2017-07-07 10:13:18 [pool-2-thread-1]-[INFO] client want server close, server close socket
2017-07-07 10:13:18 [pool-2-thread-1]-[INFO] server finish process
2017-07-07 10:13:18 [Thread-0]-[INFO] client accept
2017-07-07 10:13:18 [pool-2-thread-1]-[INFO] client send message:run_sync_command
2017-07-07 10:13:19 [pool-2-thread-3]-[INFO] thread name = pool-2-thread-3, finish execute command = cmd /C ipconfig
2017-07-07 10:13:19 [pool-2-thread-3]-[INFO] thread name = pool-2-thread-3, start execute command = cmd /C ipconfig
2017-07-07 10:13:19 [pool-2-thread-3]-[INFO] thread name = pool-2-thread-3, finish execute command = cmd /C ipconfig
2017-07-07 10:13:19 [pool-2-thread-2]-[INFO] client send message:close
2017-07-07 10:13:19 [pool-2-thread-2]-[INFO] client want server close, server close socket
2017-07-07 10:13:19 [pool-2-thread-2]-[INFO] server finish process
2017-07-07 10:13:19 [pool-2-thread-1]-[INFO] client send message:close
2017-07-07 10:13:19 [pool-2-thread-1]-[INFO] client want server close, server close socket
2017-07-07 10:13:19 [pool-2-thread-1]-[INFO] server finish process
2017-07-07 10:13:34 [Thread-0]-[INFO] client accept
2017-07-07 10:13:34 [Thread-0]-[INFO] client accept
2017-07-07 10:13:34 [Thread-0]-[INFO] client accept
2017-07-07 10:13:34 [pool-2-thread-1]-[INFO] client send message:run_sync_command
2017-07-07 10:13:34 [pool-2-thread-3]-[INFO] client send message:run_sync_command
2017-07-07 10:13:34 [pool-2-thread-2]-[INFO] client send message:run_sync_command
2017-07-07 10:14:52 [Thread-0]-[INFO] client accept
2017-07-07 10:14:52 [Thread-0]-[INFO] client accept
2017-07-07 10:14:52 [pool-2-thread-1]-[INFO] client send message:run_sync_command
2017-07-07 10:14:52 [pool-2-thread-2]-[INFO] client send message:run_sync_command
2017-07-07 10:14:52 [pool-2-thread-3]-[INFO] thread name = pool-2-thread-3, start execute command = cmd /C ipconfig
2017-07-07 10:14:53 [pool-2-thread-3]-[INFO] thread name = pool-2-thread-3, finish execute command = cmd /C ipconfig
2017-07-07 10:14:53 [pool-2-thread-3]-[INFO] thread name = pool-2-thread-3, start execute command = cmd /C ipconfig
2017-07-07 10:14:53 [pool-2-thread-3]-[INFO] thread name = pool-2-thread-3, finish execute command = cmd /C ipconfig
2017-07-07 10:14:53 [pool-2-thread-2]-[INFO] client send message:close
2017-07-07 10:14:53 [pool-2-thread-2]-[INFO] client want server close, server close socket
2017-07-07 10:14:53 [pool-2-thread-2]-[INFO] server finish process
2017-07-07 10:14:53 [Thread-0]-[INFO] client accept
2017-07-07 10:14:53 [pool-2-thread-3]-[INFO] client send message:run_sync_command
2017-07-07 10:14:53 [Thread-0]-[INFO] client accept
2017-07-07 10:14:53 [pool-2-thread-2]-[INFO] thread name = pool-2-thread-2, start execute command = cmd /C ipconfig
2017-07-07 10:14:53 [pool-2-thread-1]-[INFO] client send message:close
2017-07-07 10:14:53 [pool-2-thread-1]-[INFO] client want server close, server close socket
2017-07-07 10:14:53 [pool-2-thread-1]-[INFO] server finish process
2017-07-07 10:14:53 [pool-2-thread-1]-[INFO] client send message:run_sync_command
2017-07-07 10:14:53 [pool-2-thread-2]-[INFO] thread name = pool-2-thread-2, finish execute command = cmd /C ipconfig
2017-07-07 10:14:53 [pool-2-thread-2]-[INFO] thread name = pool-2-thread-2, start execute command = cmd /C ipconfig
2017-07-07 10:14:53 [pool-2-thread-2]-[INFO] thread name = pool-2-thread-2, finish execute command = cmd /C ipconfig
2017-07-07 10:14:53 [pool-2-thread-3]-[INFO] client send message:close
2017-07-07 10:14:53 [pool-2-thread-3]-[INFO] client want server close, server close socket
2017-07-07 10:14:53 [pool-2-thread-3]-[INFO] server finish process
2017-07-07 10:14:53 [Thread-0]-[INFO] client accept
2017-07-07 10:14:53 [pool-2-thread-2]-[INFO] client send message:run_sync_command
2017-07-07 10:14:53 [pool-2-thread-3]-[INFO] thread name = pool-2-thread-3, start execute command = cmd /C ipconfig
2017-07-07 10:14:53 [pool-2-thread-1]-[INFO] client send message:close
2017-07-07 10:14:53 [pool-2-thread-1]-[INFO] client want server close, server close socket
2017-07-07 10:14:53 [pool-2-thread-1]-[INFO] server finish process
2017-07-07 10:14:53 [Thread-0]-[INFO] client accept
2017-07-07 10:14:53 [pool-2-thread-1]-[INFO] client send message:run_sync_command
2017-07-07 10:14:53 [pool-2-thread-3]-[INFO] thread name = pool-2-thread-3, finish execute command = cmd /C ipconfig
2017-07-07 10:14:53 [pool-2-thread-3]-[INFO] thread name = pool-2-thread-3, start execute command = cmd /C ipconfig
2017-07-07 10:14:54 [pool-2-thread-3]-[INFO] thread name = pool-2-thread-3, finish execute command = cmd /C ipconfig
2017-07-07 10:14:54 [pool-2-thread-2]-[INFO] client send message:close
2017-07-07 10:14:54 [pool-2-thread-2]-[INFO] client want server close, server close socket
2017-07-07 10:14:54 [pool-2-thread-2]-[INFO] server finish process
2017-07-07 10:14:54 [Thread-0]-[INFO] client accept
2017-07-07 10:14:54 [pool-2-thread-3]-[INFO] client send message:run_sync_command
2017-07-07 10:14:54 [pool-2-thread-2]-[INFO] thread name = pool-2-thread-2, start execute command = cmd /C ipconfig
2017-07-07 10:14:54 [pool-2-thread-1]-[INFO] client send message:close
2017-07-07 10:14:54 [Thread-0]-[INFO] client accept
2017-07-07 10:14:54 [pool-2-thread-1]-[INFO] client want server close, server close socket
2017-07-07 10:14:54 [pool-2-thread-1]-[INFO] server finish process
2017-07-07 10:14:54 [pool-2-thread-1]-[INFO] client send message:run_sync_command
2017-07-07 10:14:54 [pool-2-thread-2]-[INFO] thread name = pool-2-thread-2, finish execute command = cmd /C ipconfig
2017-07-07 10:14:54 [pool-2-thread-2]-[INFO] thread name = pool-2-thread-2, start execute command = cmd /C ipconfig
2017-07-07 10:14:54 [pool-2-thread-2]-[INFO] thread name = pool-2-thread-2, finish execute command = cmd /C ipconfig
2017-07-07 10:14:54 [pool-2-thread-3]-[INFO] client send message:close
2017-07-07 10:14:54 [pool-2-thread-3]-[INFO] client want server close, server close socket
2017-07-07 10:14:54 [pool-2-thread-3]-[INFO] server finish process
2017-07-07 10:14:54 [Thread-0]-[INFO] client accept
2017-07-07 10:14:54 [pool-2-thread-2]-[INFO] client send message:run_sync_command
2017-07-07 10:14:54 [pool-2-thread-3]-[INFO] thread name = pool-2-thread-3, start execute command = cmd /C ipconfig
2017-07-07 10:14:54 [pool-2-thread-1]-[INFO] client send message:close
2017-07-07 10:14:54 [pool-2-thread-1]-[INFO] client want server close, server close socket
2017-07-07 10:14:54 [pool-2-thread-1]-[INFO] server finish process
2017-07-07 10:14:54 [Thread-0]-[INFO] client accept
2017-07-07 10:14:54 [pool-2-thread-1]-[INFO] client send message:run_sync_command
2017-07-07 10:14:54 [pool-2-thread-3]-[INFO] thread name = pool-2-thread-3, finish execute command = cmd /C ipconfig
2017-07-07 10:14:54 [pool-2-thread-3]-[INFO] thread name = pool-2-thread-3, start execute command = cmd /C ipconfig
2017-07-07 10:14:54 [pool-2-thread-3]-[INFO] thread name = pool-2-thread-3, finish execute command = cmd /C ipconfig
2017-07-07 10:14:55 [pool-2-thread-2]-[INFO] client send message:close
2017-07-07 10:14:55 [pool-2-thread-2]-[INFO] client want server close, server close socket
2017-07-07 10:14:55 [pool-2-thread-2]-[INFO] server finish process
2017-07-07 10:14:55 [pool-2-thread-1]-[INFO] client send message:close
2017-07-07 10:14:55 [pool-2-thread-1]-[INFO] client want server close, server close socket
2017-07-07 10:14:55 [pool-2-thread-1]-[INFO] server finish process
2017-07-07 10:15:27 [Thread-0]-[INFO] client accept
2017-07-07 10:15:27 [Thread-0]-[INFO] client accept
2017-07-07 10:15:27 [pool-2-thread-2]-[INFO] client send message:run_sync_command
2017-07-07 10:15:27 [pool-2-thread-1]-[INFO] client send message:run_sync_command
2017-07-07 10:15:27 [pool-2-thread-3]-[INFO] thread name = pool-2-thread-3, start execute command = cmd /C ipconfig
2017-07-07 10:15:28 [pool-2-thread-3]-[INFO] thread name = pool-2-thread-3, finish execute command = cmd /C ipconfig
2017-07-07 10:15:28 [pool-2-thread-3]-[INFO] thread name = pool-2-thread-3, start execute command = cmd /C ipconfig
2017-07-07 10:15:28 [pool-2-thread-3]-[INFO] thread name = pool-2-thread-3, finish execute command = cmd /C ipconfig
2017-07-07 10:15:28 [pool-2-thread-1]-[INFO] client send message:close
2017-07-07 10:15:28 [pool-2-thread-1]-[INFO] client want server close, server close socket
2017-07-07 10:15:28 [pool-2-thread-1]-[INFO] server finish process
2017-07-07 10:15:28 [Thread-0]-[INFO] client accept
2017-07-07 10:15:28 [Thread-0]-[INFO] client accept
2017-07-07 10:15:28 [pool-2-thread-3]-[INFO] client send message:run_sync_command
2017-07-07 10:15:28 [pool-2-thread-1]-[INFO] client send message:run_sync_command
2017-07-07 10:15:28 [pool-2-thread-2]-[INFO] client send message:close
2017-07-07 10:15:28 [pool-2-thread-2]-[INFO] client want server close, server close socket
2017-07-07 10:15:28 [pool-2-thread-2]-[INFO] server finish process
2017-07-07 10:15:28 [pool-2-thread-2]-[INFO] thread name = pool-2-thread-2, start execute command = cmd /C ipconfig
2017-07-07 10:15:28 [pool-2-thread-2]-[INFO] thread name = pool-2-thread-2, finish execute command = cmd /C ipconfig
2017-07-07 10:15:28 [pool-2-thread-2]-[INFO] thread name = pool-2-thread-2, start execute command = cmd /C ipconfig
2017-07-07 10:15:28 [pool-2-thread-2]-[INFO] thread name = pool-2-thread-2, finish execute command = cmd /C ipconfig
2017-07-07 10:15:28 [pool-2-thread-3]-[INFO] client send message:close
2017-07-07 10:15:28 [pool-2-thread-3]-[INFO] client want server close, server close socket
2017-07-07 10:15:28 [pool-2-thread-3]-[INFO] server finish process
2017-07-07 10:15:28 [Thread-0]-[INFO] client accept
2017-07-07 10:15:28 [pool-2-thread-2]-[INFO] client send message:run_sync_command
2017-07-07 10:15:28 [pool-2-thread-3]-[INFO] thread name = pool-2-thread-3, start execute command = cmd /C ipconfig
2017-07-07 10:15:28 [Thread-0]-[INFO] client accept
2017-07-07 10:15:28 [pool-2-thread-1]-[INFO] client send message:close
2017-07-07 10:15:28 [pool-2-thread-1]-[INFO] client want server close, server close socket
2017-07-07 10:15:28 [pool-2-thread-1]-[INFO] server finish process
2017-07-07 10:15:28 [pool-2-thread-1]-[INFO] client send message:run_sync_command
2017-07-07 10:15:29 [pool-2-thread-3]-[INFO] thread name = pool-2-thread-3, finish execute command = cmd /C ipconfig
2017-07-07 10:15:29 [pool-2-thread-3]-[INFO] thread name = pool-2-thread-3, start execute command = cmd /C ipconfig
2017-07-07 10:15:29 [pool-2-thread-2]-[INFO] client send message:close
2017-07-07 10:15:29 [pool-2-thread-2]-[INFO] client want server close, server close socket
2017-07-07 10:15:29 [pool-2-thread-2]-[INFO] server finish process
2017-07-07 10:15:29 [Thread-0]-[INFO] client accept
2017-07-07 10:15:29 [pool-2-thread-2]-[INFO] client send message:run_sync_command
2017-07-07 10:15:29 [pool-2-thread-3]-[INFO] thread name = pool-2-thread-3, finish execute command = cmd /C ipconfig
2017-07-07 10:15:29 [pool-2-thread-3]-[INFO] thread name = pool-2-thread-3, start execute command = cmd /C ipconfig
2017-07-07 10:15:29 [pool-2-thread-3]-[INFO] thread name = pool-2-thread-3, finish execute command = cmd /C ipconfig
2017-07-07 10:15:29 [pool-2-thread-2]-[INFO] client send message:close
2017-07-07 10:15:29 [pool-2-thread-2]-[INFO] client want server close, server close socket
2017-07-07 10:15:29 [pool-2-thread-2]-[INFO] server finish process
2017-07-07 10:15:29 [Thread-0]-[INFO] client accept
2017-07-07 10:15:29 [pool-2-thread-3]-[INFO] client send message:run_sync_command
2017-07-07 10:15:29 [pool-2-thread-2]-[INFO] thread name = pool-2-thread-2, start execute command = cmd /C ipconfig
2017-07-07 10:15:29 [pool-2-thread-1]-[INFO] client send message:close
2017-07-07 10:15:29 [pool-2-thread-1]-[INFO] client want server close, server close socket
2017-07-07 10:15:29 [pool-2-thread-1]-[INFO] server finish process
2017-07-07 10:15:29 [Thread-0]-[INFO] client accept
2017-07-07 10:15:29 [pool-2-thread-1]-[INFO] client send message:run_sync_command
2017-07-07 10:15:29 [pool-2-thread-2]-[INFO] thread name = pool-2-thread-2, finish execute command = cmd /C ipconfig
2017-07-07 10:15:29 [pool-2-thread-2]-[INFO] thread name = pool-2-thread-2, start execute command = cmd /C ipconfig
2017-07-07 10:15:30 [pool-2-thread-2]-[INFO] thread name = pool-2-thread-2, finish execute command = cmd /C ipconfig
2017-07-07 10:15:30 [pool-2-thread-3]-[INFO] client send message:close
2017-07-07 10:15:30 [pool-2-thread-3]-[INFO] client want server close, server close socket
2017-07-07 10:15:30 [pool-2-thread-3]-[INFO] server finish process
2017-07-07 10:15:30 [Thread-0]-[INFO] client accept
2017-07-07 10:15:30 [pool-2-thread-2]-[INFO] client send message:run_sync_command
2017-07-07 10:15:30 [pool-2-thread-3]-[INFO] thread name = pool-2-thread-3, start execute command = cmd /C ipconfig
2017-07-07 10:15:30 [pool-2-thread-1]-[INFO] client send message:close
2017-07-07 10:15:30 [pool-2-thread-1]-[INFO] client want server close, server close socket
2017-07-07 10:15:30 [pool-2-thread-1]-[INFO] server finish process
2017-07-07 10:15:30 [pool-2-thread-3]-[INFO] thread name = pool-2-thread-3, finish execute command = cmd /C ipconfig
2017-07-07 10:15:30 [pool-2-thread-2]-[INFO] client send message:close
2017-07-07 10:15:30 [pool-2-thread-2]-[INFO] client want server close, server close socket
2017-07-07 10:15:30 [pool-2-thread-2]-[INFO] server finish process
2017-07-07 10:16:01 [Thread-0]-[INFO] client accept
2017-07-07 10:16:01 [Thread-0]-[INFO] client accept
2017-07-07 10:16:01 [Thread-0]-[INFO] client accept
2017-07-07 10:16:01 [pool-2-thread-1]-[INFO] client send message:run_sync_command
2017-07-07 10:16:01 [pool-2-thread-3]-[INFO] client send message:run_sync_command
2017-07-07 10:16:01 [pool-2-thread-2]-[INFO] client send message:run_sync_command
2017-07-07 10:16:35 [Thread-0]-[INFO] client accept
2017-07-07 10:16:35 [Thread-0]-[INFO] client accept
2017-07-07 10:16:35 [pool-2-thread-2]-[INFO] client send message:run_sync_command
2017-07-07 10:16:35 [pool-2-thread-3]-[INFO] thread name = pool-2-thread-3, start execute command = cmd /C ipconfig
2017-07-07 10:16:35 [pool-2-thread-1]-[INFO] client send message:run_sync_command
2017-07-07 10:16:35 [pool-2-thread-3]-[INFO] thread name = pool-2-thread-3, finish execute command = cmd /C ipconfig
2017-07-07 10:16:35 [pool-2-thread-3]-[INFO] thread name = pool-2-thread-3, start execute command = cmd /C ipconfig
2017-07-07 10:16:35 [pool-2-thread-3]-[INFO] thread name = pool-2-thread-3, finish execute command = cmd /C ipconfig
2017-07-07 10:16:35 [pool-2-thread-1]-[INFO] client send message:close
2017-07-07 10:16:35 [Thread-0]-[INFO] client accept
2017-07-07 10:16:35 [pool-2-thread-1]-[INFO] client want server close, server close socket
2017-07-07 10:16:35 [pool-2-thread-1]-[INFO] server finish process
2017-07-07 10:16:35 [pool-2-thread-1]-[INFO] client send message:run_sync_command
2017-07-07 10:16:35 [pool-2-thread-3]-[INFO] thread name = pool-2-thread-3, start execute command = cmd /C ipconfig
2017-07-07 10:16:35 [Thread-0]-[INFO] client accept
2017-07-07 10:16:35 [pool-2-thread-2]-[INFO] client send message:close
2017-07-07 10:16:35 [pool-2-thread-2]-[INFO] client want server close, server close socket
2017-07-07 10:16:35 [pool-2-thread-2]-[INFO] server finish process
2017-07-07 10:16:35 [pool-2-thread-2]-[INFO] client send message:run_sync_command
2017-07-07 10:16:35 [pool-2-thread-3]-[INFO] thread name = pool-2-thread-3, finish execute command = cmd /C ipconfig
2017-07-07 10:16:35 [pool-2-thread-3]-[INFO] thread name = pool-2-thread-3, start execute command = cmd /C ipconfig
2017-07-07 10:16:36 [pool-2-thread-3]-[INFO] thread name = pool-2-thread-3, finish execute command = cmd /C ipconfig
2017-07-07 10:16:36 [pool-2-thread-1]-[INFO] client send message:close
2017-07-07 10:16:36 [pool-2-thread-1]-[INFO] client want server close, server close socket
2017-07-07 10:16:36 [pool-2-thread-1]-[INFO] server finish process
2017-07-07 10:16:36 [Thread-0]-[INFO] client accept
2017-07-07 10:16:36 [pool-2-thread-3]-[INFO] client send message:run_sync_command
2017-07-07 10:16:36 [pool-2-thread-1]-[INFO] thread name = pool-2-thread-1, start execute command = cmd /C ipconfig
2017-07-07 10:16:36 [pool-2-thread-2]-[INFO] client send message:close
2017-07-07 10:16:36 [Thread-0]-[INFO] client accept
2017-07-07 10:16:36 [pool-2-thread-2]-[INFO] client want server close, server close socket
2017-07-07 10:16:36 [pool-2-thread-2]-[INFO] server finish process
2017-07-07 10:16:36 [pool-2-thread-2]-[INFO] client send message:run_sync_command
2017-07-07 10:16:36 [pool-2-thread-1]-[INFO] thread name = pool-2-thread-1, finish execute command = cmd /C ipconfig
2017-07-07 10:16:36 [pool-2-thread-1]-[INFO] thread name = pool-2-thread-1, start execute command = cmd /C ipconfig
2017-07-07 10:16:36 [pool-2-thread-1]-[INFO] thread name = pool-2-thread-1, finish execute command = cmd /C ipconfig
2017-07-07 10:16:36 [pool-2-thread-3]-[INFO] client send message:close
2017-07-07 10:16:36 [pool-2-thread-3]-[INFO] client want server close, server close socket
2017-07-07 10:16:36 [pool-2-thread-3]-[INFO] server finish process
2017-07-07 10:16:36 [Thread-0]-[INFO] client accept
2017-07-07 10:16:36 [pool-2-thread-1]-[INFO] client send message:run_sync_command
2017-07-07 10:16:36 [pool-2-thread-3]-[INFO] thread name = pool-2-thread-3, start execute command = cmd /C ipconfig
2017-07-07 10:16:36 [pool-2-thread-2]-[INFO] client send message:close
2017-07-07 10:16:36 [pool-2-thread-2]-[INFO] client want server close, server close socket
2017-07-07 10:16:36 [pool-2-thread-2]-[INFO] server finish process
2017-07-07 10:16:36 [Thread-0]-[INFO] client accept
2017-07-07 10:16:36 [pool-2-thread-2]-[INFO] client send message:run_sync_command
2017-07-07 10:16:36 [pool-2-thread-3]-[INFO] thread name = pool-2-thread-3, finish execute command = cmd /C ipconfig
2017-07-07 10:16:36 [pool-2-thread-3]-[INFO] thread name = pool-2-thread-3, start execute command = cmd /C ipconfig
2017-07-07 10:16:36 [pool-2-thread-3]-[INFO] thread name = pool-2-thread-3, finish execute command = cmd /C ipconfig
2017-07-07 10:16:37 [pool-2-thread-1]-[INFO] client send message:close
2017-07-07 10:16:37 [pool-2-thread-1]-[INFO] client want server close, server close socket
2017-07-07 10:16:37 [pool-2-thread-1]-[INFO] server finish process
2017-07-07 10:16:37 [Thread-0]-[INFO] client accept
2017-07-07 10:16:37 [pool-2-thread-3]-[INFO] client send message:run_sync_command
2017-07-07 10:16:37 [pool-2-thread-1]-[INFO] thread name = pool-2-thread-1, start execute command = cmd /C ipconfig
2017-07-07 10:16:37 [pool-2-thread-2]-[INFO] client send message:close
2017-07-07 10:16:37 [pool-2-thread-2]-[INFO] client want server close, server close socket
2017-07-07 10:16:37 [pool-2-thread-2]-[INFO] server finish process
2017-07-07 10:16:37 [Thread-0]-[INFO] client accept
2017-07-07 10:16:37 [pool-2-thread-2]-[INFO] client send message:run_sync_command
2017-07-07 10:16:37 [pool-2-thread-1]-[INFO] thread name = pool-2-thread-1, finish execute command = cmd /C ipconfig
2017-07-07 10:16:37 [pool-2-thread-1]-[INFO] thread name = pool-2-thread-1, start execute command = cmd /C ipconfig
2017-07-07 10:16:37 [pool-2-thread-1]-[INFO] thread name = pool-2-thread-1, finish execute command = cmd /C ipconfig
2017-07-07 10:16:37 [pool-2-thread-3]-[INFO] client send message:close
2017-07-07 10:16:37 [pool-2-thread-3]-[INFO] client want server close, server close socket
2017-07-07 10:16:37 [pool-2-thread-3]-[INFO] server finish process
2017-07-07 10:16:37 [pool-2-thread-2]-[INFO] client send message:close
2017-07-07 10:16:37 [pool-2-thread-2]-[INFO] client want server close, server close socket
2017-07-07 10:16:37 [pool-2-thread-2]-[INFO] server finish process
2017-07-07 10:17:07 [Thread-0]-[INFO] client accept
2017-07-07 10:17:07 [Thread-0]-[INFO] client accept
2017-07-07 10:17:07 [pool-2-thread-1]-[INFO] client send message:run_sync_command
2017-07-07 10:17:07 [pool-2-thread-2]-[INFO] client send message:run_sync_command
2017-07-07 10:17:07 [pool-2-thread-3]-[INFO] thread name = pool-2-thread-3, start execute command = cmd /C ipconfig
2017-07-07 10:17:07 [pool-2-thread-4]-[INFO] thread name = pool-2-thread-4, start execute command = cmd /C ipconfig
2017-07-07 10:17:07 [pool-2-thread-3]-[INFO] thread name = pool-2-thread-3, finish execute command = cmd /C ipconfig
2017-07-07 10:17:07 [pool-2-thread-4]-[INFO] thread name = pool-2-thread-4, finish execute command = cmd /C ipconfig
2017-07-07 10:17:08 [pool-2-thread-1]-[INFO] client send message:close
2017-07-07 10:17:08 [pool-2-thread-1]-[INFO] client want server close, server close socket
2017-07-07 10:17:08 [pool-2-thread-1]-[INFO] server finish process
2017-07-07 10:17:08 [Thread-0]-[INFO] client accept
2017-07-07 10:17:08 [pool-2-thread-3]-[INFO] client send message:run_sync_command
2017-07-07 10:17:08 [pool-2-thread-4]-[INFO] thread name = pool-2-thread-4, start execute command = cmd /C ipconfig
2017-07-07 10:17:08 [Thread-0]-[INFO] client accept
2017-07-07 10:17:08 [pool-2-thread-2]-[INFO] client send message:close
2017-07-07 10:17:08 [pool-2-thread-2]-[INFO] client want server close, server close socket
2017-07-07 10:17:08 [pool-2-thread-2]-[INFO] server finish process
2017-07-07 10:17:08 [pool-2-thread-2]-[INFO] client send message:run_sync_command
2017-07-07 10:17:08 [pool-2-thread-1]-[INFO] thread name = pool-2-thread-1, start execute command = cmd /C ipconfig
2017-07-07 10:17:08 [pool-2-thread-4]-[INFO] thread name = pool-2-thread-4, finish execute command = cmd /C ipconfig
2017-07-07 10:17:08 [pool-2-thread-1]-[INFO] thread name = pool-2-thread-1, finish execute command = cmd /C ipconfig
2017-07-07 10:17:08 [pool-2-thread-2]-[INFO] client send message:close
2017-07-07 10:17:08 [pool-2-thread-2]-[INFO] client want server close, server close socket
2017-07-07 10:17:08 [pool-2-thread-2]-[INFO] server finish process
2017-07-07 10:17:08 [pool-2-thread-3]-[INFO] client send message:close
2017-07-07 10:17:08 [pool-2-thread-3]-[INFO] client want server close, server close socket
2017-07-07 10:17:08 [pool-2-thread-3]-[INFO] server finish process
2017-07-07 10:17:08 [Thread-0]-[INFO] client accept
2017-07-07 10:17:08 [Thread-0]-[INFO] client accept
2017-07-07 10:17:08 [pool-2-thread-4]-[INFO] client send message:run_sync_command
2017-07-07 10:17:08 [pool-2-thread-1]-[INFO] client send message:run_sync_command
2017-07-07 10:17:08 [pool-2-thread-2]-[INFO] thread name = pool-2-thread-2, start execute command = cmd /C ipconfig
2017-07-07 10:17:08 [pool-2-thread-3]-[INFO] thread name = pool-2-thread-3, start execute command = cmd /C ipconfig
2017-07-07 10:17:08 [pool-2-thread-2]-[INFO] thread name = pool-2-thread-2, finish execute command = cmd /C ipconfig
2017-07-07 10:17:08 [pool-2-thread-3]-[INFO] thread name = pool-2-thread-3, finish execute command = cmd /C ipconfig
2017-07-07 10:17:09 [pool-2-thread-4]-[INFO] client send message:close
2017-07-07 10:17:09 [pool-2-thread-4]-[INFO] client want server close, server close socket
2017-07-07 10:17:09 [pool-2-thread-4]-[INFO] server finish process
2017-07-07 10:17:09 [Thread-0]-[INFO] client accept
2017-07-07 10:17:09 [pool-2-thread-2]-[INFO] client send message:run_sync_command
2017-07-07 10:17:09 [Thread-0]-[INFO] client accept
2017-07-07 10:17:09 [pool-2-thread-1]-[INFO] client send message:close
2017-07-07 10:17:09 [pool-2-thread-1]-[INFO] client want server close, server close socket
2017-07-07 10:17:09 [pool-2-thread-1]-[INFO] server finish process
2017-07-07 10:17:09 [pool-2-thread-1]-[INFO] client send message:run_sync_command
2017-07-07 10:17:09 [pool-2-thread-3]-[INFO] thread name = pool-2-thread-3, start execute command = cmd /C ipconfig
2017-07-07 10:17:09 [pool-2-thread-4]-[INFO] thread name = pool-2-thread-4, start execute command = cmd /C ipconfig
2017-07-07 10:17:09 [pool-2-thread-4]-[INFO] thread name = pool-2-thread-4, finish execute command = cmd /C ipconfig
2017-07-07 10:17:09 [pool-2-thread-3]-[INFO] thread name = pool-2-thread-3, finish execute command = cmd /C ipconfig
2017-07-07 10:17:09 [pool-2-thread-2]-[INFO] client send message:close
2017-07-07 10:17:09 [pool-2-thread-2]-[INFO] client want server close, server close socket
2017-07-07 10:17:09 [pool-2-thread-2]-[INFO] server finish process
2017-07-07 10:17:09 [Thread-0]-[INFO] client accept
2017-07-07 10:17:09 [pool-2-thread-4]-[INFO] client send message:run_sync_command
2017-07-07 10:17:09 [pool-2-thread-3]-[INFO] thread name = pool-2-thread-3, start execute command = cmd /C ipconfig
2017-07-07 10:17:09 [pool-2-thread-1]-[INFO] client send message:close
2017-07-07 10:17:09 [pool-2-thread-1]-[INFO] client want server close, server close socket
2017-07-07 10:17:09 [pool-2-thread-1]-[INFO] server finish process
2017-07-07 10:17:09 [Thread-0]-[INFO] client accept
2017-07-07 10:17:09 [pool-2-thread-2]-[INFO] client send message:run_sync_command
2017-07-07 10:17:09 [pool-2-thread-1]-[INFO] thread name = pool-2-thread-1, start execute command = cmd /C ipconfig
2017-07-07 10:17:09 [pool-2-thread-1]-[INFO] thread name = pool-2-thread-1, finish execute command = cmd /C ipconfig
2017-07-07 10:17:09 [pool-2-thread-3]-[INFO] thread name = pool-2-thread-3, finish execute command = cmd /C ipconfig
2017-07-07 10:17:10 [pool-2-thread-4]-[INFO] client send message:close
2017-07-07 10:17:10 [pool-2-thread-4]-[INFO] client want server close, server close socket
2017-07-07 10:17:10 [pool-2-thread-4]-[INFO] server finish process
2017-07-07 10:17:10 [pool-2-thread-2]-[INFO] client send message:close
2017-07-07 10:17:10 [pool-2-thread-2]-[INFO] client want server close, server close socket
2017-07-07 10:17:10 [pool-2-thread-2]-[INFO] server finish process
2017-07-07 10:17:40 [Thread-0]-[INFO] client accept
2017-07-07 10:17:40 [Thread-0]-[INFO] client accept
2017-07-07 10:17:40 [Thread-0]-[INFO] client accept
2017-07-07 10:17:40 [pool-2-thread-1]-[INFO] client send message:run_sync_command
2017-07-07 10:17:40 [pool-2-thread-2]-[INFO] client send message:run_sync_command
2017-07-07 10:17:40 [pool-2-thread-3]-[INFO] client send message:run_sync_command
2017-07-07 10:17:40 [pool-2-thread-4]-[INFO] thread name = pool-2-thread-4, start execute command = cmd /C ipconfig
2017-07-07 10:17:40 [pool-2-thread-4]-[INFO] thread name = pool-2-thread-4, finish execute command = cmd /C ipconfig
2017-07-07 10:17:40 [pool-2-thread-4]-[INFO] thread name = pool-2-thread-4, start execute command = cmd /C ipconfig
2017-07-07 10:17:40 [pool-2-thread-4]-[INFO] thread name = pool-2-thread-4, finish execute command = cmd /C ipconfig
2017-07-07 10:17:40 [pool-2-thread-4]-[INFO] thread name = pool-2-thread-4, start execute command = cmd /C ipconfig
2017-07-07 10:17:40 [pool-2-thread-4]-[INFO] thread name = pool-2-thread-4, finish execute command = cmd /C ipconfig
2017-07-07 10:17:41 [Thread-0]-[INFO] client accept
2017-07-07 10:17:41 [pool-2-thread-2]-[INFO] client send message:close
2017-07-07 10:17:41 [pool-2-thread-2]-[INFO] client want server close, server close socket
2017-07-07 10:17:41 [pool-2-thread-2]-[INFO] server finish process
2017-07-07 10:17:41 [pool-2-thread-2]-[INFO] client send message:run_sync_command
2017-07-07 10:17:41 [pool-2-thread-1]-[INFO] client send message:close
2017-07-07 10:17:41 [pool-2-thread-1]-[INFO] client want server close, server close socket
2017-07-07 10:17:41 [pool-2-thread-1]-[INFO] server finish process
2017-07-07 10:17:41 [Thread-0]-[INFO] client accept
2017-07-07 10:17:41 [pool-2-thread-1]-[INFO] client send message:run_sync_command
2017-07-07 10:17:41 [pool-2-thread-4]-[INFO] thread name = pool-2-thread-4, start execute command = cmd /C ipconfig
2017-07-07 10:17:41 [pool-2-thread-3]-[INFO] client send message:close
2017-07-07 10:17:41 [pool-2-thread-3]-[INFO] client want server close, server close socket
2017-07-07 10:17:41 [pool-2-thread-3]-[INFO] server finish process
2017-07-07 10:17:41 [pool-2-thread-3]-[INFO] thread name = pool-2-thread-3, start execute command = cmd /C ipconfig
2017-07-07 10:17:41 [Thread-0]-[INFO] client accept
2017-07-07 10:17:41 [pool-2-thread-3]-[INFO] thread name = pool-2-thread-3, finish execute command = cmd /C ipconfig
2017-07-07 10:17:41 [pool-2-thread-3]-[INFO] client send message:run_sync_command
2017-07-07 10:17:41 [pool-2-thread-4]-[INFO] thread name = pool-2-thread-4, finish execute command = cmd /C ipconfig
2017-07-07 10:17:41 [pool-2-thread-4]-[INFO] thread name = pool-2-thread-4, start execute command = cmd /C ipconfig
2017-07-07 10:17:41 [pool-2-thread-4]-[INFO] thread name = pool-2-thread-4, finish execute command = cmd /C ipconfig
2017-07-07 10:17:41 [pool-2-thread-2]-[INFO] client send message:close
2017-07-07 10:17:41 [pool-2-thread-2]-[INFO] client want server close, server close socket
2017-07-07 10:17:41 [pool-2-thread-2]-[INFO] server finish process
2017-07-07 10:17:41 [Thread-0]-[INFO] client accept
2017-07-07 10:17:41 [pool-2-thread-4]-[INFO] client send message:run_sync_command
2017-07-07 10:17:41 [pool-2-thread-2]-[INFO] thread name = pool-2-thread-2, start execute command = cmd /C ipconfig
2017-07-07 10:17:41 [Thread-0]-[INFO] client accept
2017-07-07 10:17:41 [pool-2-thread-1]-[INFO] client send message:close
2017-07-07 10:17:41 [pool-2-thread-1]-[INFO] client want server close, server close socket
2017-07-07 10:17:41 [pool-2-thread-1]-[INFO] server finish process
2017-07-07 10:17:41 [pool-2-thread-1]-[INFO] client send message:run_sync_command
2017-07-07 10:17:41 [pool-2-thread-3]-[INFO] client send message:close
2017-07-07 10:17:41 [pool-2-thread-3]-[INFO] client want server close, server close socket
2017-07-07 10:17:41 [pool-2-thread-3]-[INFO] server finish process
2017-07-07 10:17:41 [pool-2-thread-3]-[INFO] thread name = pool-2-thread-3, start execute command = cmd /C ipconfig
2017-07-07 10:17:41 [Thread-0]-[INFO] client accept
2017-07-07 10:17:41 [pool-2-thread-2]-[INFO] thread name = pool-2-thread-2, finish execute command = cmd /C ipconfig
2017-07-07 10:17:41 [pool-2-thread-2]-[INFO] client send message:run_sync_command
2017-07-07 10:17:41 [pool-2-thread-3]-[INFO] thread name = pool-2-thread-3, finish execute command = cmd /C ipconfig
2017-07-07 10:17:41 [pool-2-thread-3]-[INFO] thread name = pool-2-thread-3, start execute command = cmd /C ipconfig
2017-07-07 10:17:41 [pool-2-thread-3]-[INFO] thread name = pool-2-thread-3, finish execute command = cmd /C ipconfig
2017-07-07 10:17:42 [pool-2-thread-4]-[INFO] client send message:close
2017-07-07 10:17:42 [pool-2-thread-4]-[INFO] client want server close, server close socket
2017-07-07 10:17:42 [pool-2-thread-4]-[INFO] server finish process
2017-07-07 10:17:42 [Thread-0]-[INFO] client accept
2017-07-07 10:17:42 [pool-2-thread-3]-[INFO] client send message:run_sync_command
2017-07-07 10:17:42 [pool-2-thread-4]-[INFO] thread name = pool-2-thread-4, start execute command = cmd /C ipconfig
2017-07-07 10:17:42 [pool-2-thread-1]-[INFO] client send message:close
2017-07-07 10:17:42 [pool-2-thread-1]-[INFO] client want server close, server close socket
2017-07-07 10:17:42 [pool-2-thread-1]-[INFO] server finish process
2017-07-07 10:17:42 [pool-2-thread-2]-[INFO] client send message:close
2017-07-07 10:17:42 [pool-2-thread-2]-[INFO] client want server close, server close socket
2017-07-07 10:17:42 [pool-2-thread-2]-[INFO] server finish process
2017-07-07 10:17:42 [pool-2-thread-4]-[INFO] thread name = pool-2-thread-4, finish execute command = cmd /C ipconfig
2017-07-07 10:17:42 [pool-2-thread-3]-[INFO] client send message:close
2017-07-07 10:17:42 [pool-2-thread-3]-[INFO] client want server close, server close socket
2017-07-07 10:17:42 [pool-2-thread-3]-[INFO] server finish process
2017-07-07 10:18:31 [Thread-0]-[INFO] client accept
2017-07-07 10:18:31 [Thread-0]-[INFO] client accept
2017-07-07 10:18:31 [Thread-0]-[INFO] client accept
2017-07-07 10:18:31 [pool-2-thread-1]-[INFO] client send message:run_sync_command
2017-07-07 10:18:31 [pool-2-thread-2]-[INFO] client send message:run_sync_command
2017-07-07 10:18:31 [pool-2-thread-3]-[INFO] client send message:run_sync_command
2017-07-07 10:18:31 [pool-2-thread-4]-[INFO] thread name = pool-2-thread-4, start execute command = cmd /C ipconfig
2017-07-07 10:18:31 [pool-2-thread-4]-[INFO] thread name = pool-2-thread-4, finish execute command = cmd /C ipconfig
2017-07-07 10:18:31 [pool-2-thread-4]-[INFO] thread name = pool-2-thread-4, start execute command = cmd /C ipconfig
2017-07-07 10:18:32 [pool-2-thread-4]-[INFO] thread name = pool-2-thread-4, finish execute command = cmd /C ipconfig
2017-07-07 10:18:32 [pool-2-thread-4]-[INFO] thread name = pool-2-thread-4, start execute command = cmd /C ipconfig
2017-07-07 10:18:32 [pool-2-thread-2]-[INFO] client send message:close
2017-07-07 10:18:32 [pool-2-thread-2]-[INFO] client want server close, server close socket
2017-07-07 10:18:32 [pool-2-thread-2]-[INFO] server finish process
2017-07-07 10:18:32 [Thread-0]-[INFO] client accept
2017-07-07 10:18:32 [pool-2-thread-2]-[INFO] client send message:run_sync_command
2017-07-07 10:18:32 [Thread-0]-[INFO] client accept
2017-07-07 10:18:32 [pool-2-thread-3]-[INFO] client send message:close
2017-07-07 10:18:32 [pool-2-thread-3]-[INFO] client want server close, server close socket
2017-07-07 10:18:32 [pool-2-thread-3]-[INFO] server finish process
2017-07-07 10:18:32 [pool-2-thread-3]-[INFO] thread name = pool-2-thread-3, start execute command = cmd /C ipconfig
2017-07-07 10:18:32 [pool-2-thread-4]-[INFO] thread name = pool-2-thread-4, finish execute command = cmd /C ipconfig
2017-07-07 10:18:32 [pool-2-thread-4]-[INFO] client send message:run_sync_command
2017-07-07 10:18:32 [pool-2-thread-3]-[INFO] thread name = pool-2-thread-3, finish execute command = cmd /C ipconfig
2017-07-07 10:18:32 [pool-2-thread-3]-[INFO] thread name = pool-2-thread-3, start execute command = cmd /C ipconfig
2017-07-07 10:18:32 [pool-2-thread-2]-[INFO] client send message:close
2017-07-07 10:18:32 [pool-2-thread-2]-[INFO] client want server close, server close socket
2017-07-07 10:18:32 [pool-2-thread-2]-[INFO] server finish process
2017-07-07 10:18:32 [pool-2-thread-1]-[INFO] client send message:close
2017-07-07 10:18:32 [pool-2-thread-1]-[INFO] client want server close, server close socket
2017-07-07 10:18:32 [pool-2-thread-1]-[INFO] server finish process
2017-07-07 10:18:32 [Thread-0]-[INFO] client accept
2017-07-07 10:18:32 [Thread-0]-[INFO] client accept
2017-07-07 10:18:32 [pool-2-thread-2]-[INFO] client send message:run_sync_command
2017-07-07 10:18:32 [pool-2-thread-1]-[INFO] client send message:run_sync_command
2017-07-07 10:18:33 [pool-2-thread-3]-[INFO] thread name = pool-2-thread-3, finish execute command = cmd /C ipconfig
2017-07-07 10:18:33 [pool-2-thread-3]-[INFO] thread name = pool-2-thread-3, start execute command = cmd /C ipconfig
2017-07-07 10:18:33 [pool-2-thread-4]-[INFO] client send message:close
2017-07-07 10:18:33 [pool-2-thread-4]-[INFO] client want server close, server close socket
2017-07-07 10:18:33 [pool-2-thread-4]-[INFO] server finish process
2017-07-07 10:18:33 [pool-2-thread-4]-[INFO] thread name = pool-2-thread-4, start execute command = cmd /C ipconfig
2017-07-07 10:18:33 [Thread-0]-[INFO] client accept
2017-07-07 10:18:33 [pool-2-thread-3]-[INFO] thread name = pool-2-thread-3, finish execute command = cmd /C ipconfig
2017-07-07 10:18:33 [pool-2-thread-3]-[INFO] client send message:run_sync_command
2017-07-07 10:18:33 [pool-2-thread-4]-[INFO] thread name = pool-2-thread-4, finish execute command = cmd /C ipconfig
2017-07-07 10:18:33 [pool-2-thread-4]-[INFO] thread name = pool-2-thread-4, start execute command = cmd /C ipconfig
2017-07-07 10:18:33 [pool-2-thread-1]-[INFO] client send message:close
2017-07-07 10:18:33 [pool-2-thread-2]-[INFO] client send message:close
2017-07-07 10:18:33 [pool-2-thread-1]-[INFO] client want server close, server close socket
2017-07-07 10:18:33 [pool-2-thread-2]-[INFO] client want server close, server close socket
2017-07-07 10:18:33 [pool-2-thread-1]-[INFO] server finish process
2017-07-07 10:18:33 [pool-2-thread-2]-[INFO] server finish process
2017-07-07 10:18:33 [Thread-0]-[INFO] client accept
2017-07-07 10:18:33 [Thread-0]-[INFO] client accept
2017-07-07 10:18:33 [pool-2-thread-1]-[INFO] client send message:run_sync_command
2017-07-07 10:18:33 [pool-2-thread-2]-[INFO] client send message:run_sync_command
2017-07-07 10:18:33 [pool-2-thread-4]-[INFO] thread name = pool-2-thread-4, finish execute command = cmd /C ipconfig
2017-07-07 10:18:33 [pool-2-thread-4]-[INFO] thread name = pool-2-thread-4, start execute command = cmd /C ipconfig
2017-07-07 10:18:33 [pool-2-thread-3]-[INFO] client send message:close
2017-07-07 10:18:33 [pool-2-thread-3]-[INFO] client want server close, server close socket
2017-07-07 10:18:33 [pool-2-thread-3]-[INFO] server finish process
2017-07-07 10:18:33 [pool-2-thread-3]-[INFO] thread name = pool-2-thread-3, start execute command = cmd /C ipconfig
2017-07-07 10:18:33 [pool-2-thread-4]-[INFO] thread name = pool-2-thread-4, finish execute command = cmd /C ipconfig
2017-07-07 10:18:34 [pool-2-thread-3]-[INFO] thread name = pool-2-thread-3, finish execute command = cmd /C ipconfig
2017-07-07 10:18:34 [pool-2-thread-1]-[INFO] client send message:close
2017-07-07 10:18:34 [pool-2-thread-1]-[INFO] client want server close, server close socket
2017-07-07 10:18:34 [pool-2-thread-1]-[INFO] server finish process
2017-07-07 10:18:34 [pool-2-thread-2]-[INFO] client send message:close
2017-07-07 10:18:34 [pool-2-thread-2]-[INFO] client want server close, server close socket
2017-07-07 10:18:34 [pool-2-thread-2]-[INFO] server finish process
2017-07-07 10:37:39 [Thread-0]-[INFO] client accept
2017-07-07 10:37:39 [pool-2-thread-1]-[INFO] client send message:read_file
2017-07-07 10:38:46 [Thread-0]-[INFO] client accept
2017-07-07 10:38:46 [pool-2-thread-1]-[INFO] client send message:read_file
2017-07-07 10:38:58 [Thread-0]-[INFO] client accept
2017-07-07 10:38:59 [pool-2-thread-1]-[INFO] client send message:read_file
2017-07-07 10:56:08 [Thread-0]-[INFO] client accept
2017-07-07 10:56:08 [pool-2-thread-1]-[INFO] client send command:read_file
2017-07-07 10:56:34 [Thread-0]-[INFO] client accept
2017-07-07 10:56:34 [pool-2-thread-1]-[INFO] client send command:read_file
2017-07-07 10:56:34 [pool-2-thread-1]-[INFO] client send command detail:/D:/git-workspace/io-command/target/test-classes/remote-file/testReadFile.txt
2017-07-07 10:56:34 [pool-2-thread-2]-[INFO] write file length = 10
2017-07-07 10:56:40 [pool-1-thread-1]-[INFO] remote file size is 10 byte
2017-07-07 10:56:43 [pool-2-thread-1]-[INFO] client send command:close
2017-07-07 10:56:43 [pool-2-thread-1]-[INFO] client want server close, server close socket
2017-07-07 10:56:43 [pool-2-thread-1]-[INFO] server finish process
2017-07-07 10:57:12 [Thread-0]-[INFO] client accept
2017-07-07 10:57:12 [pool-2-thread-1]-[INFO] client send command:read_file
2017-07-07 10:57:12 [pool-2-thread-1]-[INFO] client send command detail:/D:/git-workspace/io-command/target/test-classes/remote-file/testReadFile.txt
2017-07-07 10:57:12 [pool-2-thread-2]-[INFO] write file length = 10
2017-07-07 10:57:23 [pool-1-thread-1]-[INFO] remote file size is 10 byte
2017-07-07 10:57:36 [pool-2-thread-1]-[INFO] client send command:close
2017-07-07 10:57:36 [pool-2-thread-1]-[INFO] client want server close, server close socket
2017-07-07 10:57:36 [pool-2-thread-1]-[INFO] server finish process
2017-07-07 10:58:07 [Thread-0]-[INFO] client accept
2017-07-07 10:58:07 [pool-2-thread-1]-[INFO] client send command:read_file
2017-07-07 10:58:07 [pool-2-thread-1]-[INFO] client send command detail:/D:/git-workspace/io-command/target/test-classes/remote-file/testReadFile.txt
2017-07-07 10:58:07 [pool-2-thread-2]-[INFO] write file length = 10
2017-07-07 10:58:09 [pool-1-thread-1]-[INFO] remote file size is 10 byte
2017-07-07 10:58:17 [pool-2-thread-1]-[INFO] client send command:close
2017-07-07 10:58:17 [pool-2-thread-1]-[INFO] client want server close, server close socket
2017-07-07 10:58:17 [pool-2-thread-1]-[INFO] server finish process
2017-07-07 11:05:53 [Thread-0]-[INFO] client accept
2017-07-07 11:05:53 [Thread-0]-[INFO] client accept
2017-07-07 11:05:53 [Thread-0]-[INFO] client accept
2017-07-07 11:05:53 [pool-2-thread-3]-[INFO] client send command:run_sync_command
2017-07-07 11:05:53 [pool-2-thread-3]-[INFO] client send command detail:cmd /C ipconfig
2017-07-07 11:05:53 [pool-2-thread-1]-[INFO] client send command:run_sync_command
2017-07-07 11:05:53 [pool-2-thread-1]-[INFO] client send command detail:cmd /C ipconfig
2017-07-07 11:05:53 [pool-2-thread-2]-[INFO] client send command:run_sync_command
2017-07-07 11:05:53 [pool-2-thread-2]-[INFO] client send command detail:cmd /C ipconfig
2017-07-07 11:05:53 [Thread-0]-[INFO] client accept
2017-07-07 11:05:53 [pool-2-thread-4]-[INFO] client send command:run_sync_command
2017-07-07 11:05:53 [pool-2-thread-4]-[INFO] client send command detail:cmd /C ipconfig
2017-07-07 11:06:27 [Thread-0]-[INFO] client accept
2017-07-07 11:06:27 [pool-2-thread-1]-[INFO] client send command:run_sync_command
2017-07-07 11:06:27 [pool-2-thread-1]-[INFO] client send command detail:cmd /C ipconfig
2017-07-07 11:06:27 [Thread-0]-[INFO] client accept
2017-07-07 11:06:27 [pool-2-thread-3]-[INFO] client send command:run_sync_command
2017-07-07 11:06:27 [pool-2-thread-3]-[INFO] client send command detail:cmd /C ipconfig
2017-07-07 11:08:59 [Thread-0]-[INFO] client accept
2017-07-07 11:08:59 [Thread-0]-[INFO] client accept
2017-07-07 11:08:59 [pool-2-thread-1]-[INFO] client send command:run_sync_command
2017-07-07 11:08:59 [pool-2-thread-1]-[INFO] client send command detail:cmd /C ipconfig
2017-07-07 11:08:59 [pool-2-thread-2]-[INFO] client send command:run_sync_command
2017-07-07 11:08:59 [pool-2-thread-2]-[INFO] client send command detail:cmd /C ipconfig
2017-07-07 11:08:59 [pool-2-thread-4]-[INFO] thread name = pool-2-thread-4, start execute command = cmd /C ipconfig
2017-07-07 11:08:59 [pool-2-thread-3]-[INFO] thread name = pool-2-thread-3, start execute command = cmd /C ipconfig
2017-07-07 11:08:59 [pool-2-thread-4]-[INFO] thread name = pool-2-thread-4, finish execute command = cmd /C ipconfig
2017-07-07 11:08:59 [pool-2-thread-3]-[INFO] thread name = pool-2-thread-3, finish execute command = cmd /C ipconfig
2017-07-07 11:08:59 [pool-2-thread-1]-[INFO] client send command:close
2017-07-07 11:08:59 [pool-2-thread-1]-[INFO] client want server close, server close socket
2017-07-07 11:08:59 [pool-2-thread-1]-[INFO] server finish process
2017-07-07 11:08:59 [Thread-0]-[INFO] client accept
2017-07-07 11:08:59 [pool-2-thread-4]-[INFO] client send command:run_sync_command
2017-07-07 11:08:59 [pool-2-thread-4]-[INFO] client send command detail:cmd /C ipconfig
2017-07-07 11:08:59 [Thread-0]-[INFO] client accept
2017-07-07 11:08:59 [pool-2-thread-1]-[INFO] client send command:run_sync_command
2017-07-07 11:08:59 [pool-2-thread-1]-[INFO] client send command detail:cmd /C ipconfig
2017-07-07 11:08:59 [pool-2-thread-3]-[INFO] thread name = pool-2-thread-3, start execute command = cmd /C ipconfig
2017-07-07 11:08:59 [pool-2-thread-2]-[INFO] client send command:close
2017-07-07 11:08:59 [pool-2-thread-2]-[INFO] client want server close, server close socket
2017-07-07 11:08:59 [pool-2-thread-2]-[INFO] server finish process
2017-07-07 11:08:59 [pool-2-thread-2]-[INFO] thread name = pool-2-thread-2, start execute command = cmd /C ipconfig
2017-07-07 11:09:00 [pool-2-thread-2]-[INFO] thread name = pool-2-thread-2, finish execute command = cmd /C ipconfig
2017-07-07 11:09:00 [pool-2-thread-3]-[INFO] thread name = pool-2-thread-3, finish execute command = cmd /C ipconfig
2017-07-07 11:09:00 [pool-2-thread-4]-[INFO] client send command:close
2017-07-07 11:09:00 [Thread-0]-[INFO] client accept
2017-07-07 11:09:00 [pool-2-thread-2]-[INFO] client send command:run_sync_command
2017-07-07 11:09:00 [pool-2-thread-2]-[INFO] client send command detail:cmd /C ipconfig
2017-07-07 11:09:00 [pool-2-thread-3]-[INFO] thread name = pool-2-thread-3, start execute command = cmd /C ipconfig
2017-07-07 11:09:00 [pool-2-thread-4]-[INFO] client want server close, server close socket
2017-07-07 11:09:00 [pool-2-thread-4]-[INFO] server finish process
2017-07-07 11:09:00 [pool-2-thread-1]-[INFO] client send command:close
2017-07-07 11:09:00 [pool-2-thread-1]-[INFO] client want server close, server close socket
2017-07-07 11:09:00 [pool-2-thread-1]-[INFO] server finish process
2017-07-07 11:09:00 [Thread-0]-[INFO] client accept
2017-07-07 11:09:00 [pool-2-thread-4]-[INFO] client send command:run_sync_command
2017-07-07 11:09:00 [pool-2-thread-4]-[INFO] client send command detail:cmd /C ipconfig
2017-07-07 11:09:00 [pool-2-thread-1]-[INFO] thread name = pool-2-thread-1, start execute command = cmd /C ipconfig
2017-07-07 11:09:00 [pool-2-thread-1]-[INFO] thread name = pool-2-thread-1, finish execute command = cmd /C ipconfig
2017-07-07 11:09:00 [pool-2-thread-3]-[INFO] thread name = pool-2-thread-3, finish execute command = cmd /C ipconfig
2017-07-07 11:09:00 [pool-2-thread-2]-[INFO] client send command:close
2017-07-07 11:09:00 [pool-2-thread-2]-[INFO] client want server close, server close socket
2017-07-07 11:09:00 [pool-2-thread-2]-[INFO] server finish process
2017-07-07 11:09:00 [Thread-0]-[INFO] client accept
2017-07-07 11:09:00 [pool-2-thread-1]-[INFO] client send command:run_sync_command
2017-07-07 11:09:00 [pool-2-thread-1]-[INFO] client send command detail:cmd /C ipconfig
2017-07-07 11:09:00 [pool-2-thread-3]-[INFO] thread name = pool-2-thread-3, start execute command = cmd /C ipconfig
2017-07-07 11:09:00 [Thread-0]-[INFO] client accept
2017-07-07 11:09:00 [pool-2-thread-2]-[INFO] client send command:run_sync_command
2017-07-07 11:09:00 [pool-2-thread-2]-[INFO] client send command detail:cmd /C ipconfig
2017-07-07 11:09:00 [pool-2-thread-4]-[INFO] client send command:close
2017-07-07 11:09:00 [pool-2-thread-4]-[INFO] client want server close, server close socket
2017-07-07 11:09:00 [pool-2-thread-4]-[INFO] server finish process
2017-07-07 11:09:00 [pool-2-thread-4]-[INFO] thread name = pool-2-thread-4, start execute command = cmd /C ipconfig
2017-07-07 11:09:01 [pool-2-thread-3]-[INFO] thread name = pool-2-thread-3, finish execute command = cmd /C ipconfig
2017-07-07 11:09:01 [pool-2-thread-4]-[INFO] thread name = pool-2-thread-4, finish execute command = cmd /C ipconfig
2017-07-07 11:09:01 [pool-2-thread-1]-[INFO] client send command:close
2017-07-07 11:09:01 [pool-2-thread-1]-[INFO] client want server close, server close socket
2017-07-07 11:09:01 [pool-2-thread-1]-[INFO] server finish process
2017-07-07 11:09:01 [Thread-0]-[INFO] client accept
2017-07-07 11:09:01 [pool-2-thread-3]-[INFO] client send command:run_sync_command
2017-07-07 11:09:01 [pool-2-thread-3]-[INFO] client send command detail:cmd /C ipconfig
2017-07-07 11:09:01 [pool-2-thread-4]-[INFO] thread name = pool-2-thread-4, start execute command = cmd /C ipconfig
2017-07-07 11:09:01 [Thread-0]-[INFO] client accept
2017-07-07 11:09:01 [pool-2-thread-1]-[INFO] client send command:run_sync_command
2017-07-07 11:09:01 [pool-2-thread-1]-[INFO] client send command detail:cmd /C ipconfig
2017-07-07 11:09:01 [pool-2-thread-2]-[INFO] client send command:close
2017-07-07 11:09:01 [pool-2-thread-2]-[INFO] client want server close, server close socket
2017-07-07 11:09:01 [pool-2-thread-2]-[INFO] server finish process
2017-07-07 11:09:01 [pool-2-thread-2]-[INFO] thread name = pool-2-thread-2, start execute command = cmd /C ipconfig
2017-07-07 11:09:01 [pool-2-thread-4]-[INFO] thread name = pool-2-thread-4, finish execute command = cmd /C ipconfig
2017-07-07 11:09:01 [pool-2-thread-2]-[INFO] thread name = pool-2-thread-2, finish execute command = cmd /C ipconfig
2017-07-07 11:09:01 [pool-2-thread-3]-[INFO] client send command:close
2017-07-07 11:09:01 [pool-2-thread-3]-[INFO] client want server close, server close socket
2017-07-07 11:09:01 [pool-2-thread-3]-[INFO] server finish process
2017-07-07 11:09:01 [pool-2-thread-1]-[INFO] client send command:close
2017-07-07 11:09:01 [pool-2-thread-1]-[INFO] client want server close, server close socket
2017-07-07 11:09:01 [pool-2-thread-1]-[INFO] server finish process
